\BOOKMARK [1][-]{section.1}{Prace nad d\233uzszym tekstem}{}% 1
\BOOKMARK [2][-]{subsection.1.1}{Zasady poprawnej edycji tekstu}{section.1}% 2
\BOOKMARK [3][-]{subsubsection.1.1.1}{Zasada 1: Samotne Sp\363jniki}{subsection.1.1}% 3
\BOOKMARK [3][-]{subsubsection.1.1.2}{Zasada 2: Interlinia}{subsection.1.1}% 4
\BOOKMARK [3][-]{subsubsection.1.1.3}{Zasada 3: Rozmiar czcionki}{subsection.1.1}% 5
\BOOKMARK [3][-]{subsubsection.1.1.4}{Zasada 4: Font}{subsection.1.1}% 6
\BOOKMARK [3][-]{subsubsection.1.1.5}{Zasada 5: Fonty szeryfowe}{subsection.1.1}% 7
\BOOKMARK [3][-]{subsubsection.1.1.6}{Zasada 6: Jednolitosc czcionek}{subsection.1.1}% 8
\BOOKMARK [3][-]{subsubsection.1.1.7}{Zasada 7: Spacje i znaki przestankowe}{subsection.1.1}% 9
\BOOKMARK [3][-]{subsubsection.1.1.8}{Zasada 8: Zasady interpunkcji}{subsection.1.1}% 10
\BOOKMARK [3][-]{subsubsection.1.1.9}{Zasada 9: Poprawna polszczyzna}{subsection.1.1}% 11
\BOOKMARK [3][-]{subsubsection.1.1.10}{Zasada 10: Pisz na temat}{subsection.1.1}% 12
\BOOKMARK [3][-]{subsubsection.1.1.11}{Zasada 11: Nawiasy}{subsection.1.1}% 13
\BOOKMARK [3][-]{subsubsection.1.1.12}{Zasada 12: Nie pisz za duzo}{subsection.1.1}% 14
\BOOKMARK [3][-]{subsubsection.1.1.13}{Zasada 13: Akpity}{subsection.1.1}% 15
\BOOKMARK [3][-]{subsubsection.1.1.14}{Zasada 14: Justowanie}{subsection.1.1}% 16
\BOOKMARK [3][-]{subsubsection.1.1.15}{Zasada 15: Zapisuj!}{subsection.1.1}% 17
\BOOKMARK [2][-]{subsection.1.2}{Style w edytorach tekst\363w}{section.1}% 18
\BOOKMARK [3][-]{subsubsection.1.2.1}{Style w LaTeX}{subsection.1.2}% 19
\BOOKMARK [3][-]{subsubsection.1.2.2}{Style w MS Word}{subsection.1.2}% 20
\BOOKMARK [2][-]{subsection.1.3}{Hierarchia tresci, czyli tworzenie konspektu}{section.1}% 21
\BOOKMARK [2][-]{subsection.1.4}{Automatyczne generowanie spisu tresci i automatyczne generowanie spisu ilustracji}{section.1}% 22
\BOOKMARK [1][-]{section.2}{Moja w\233asna strona internetowa}{}% 23
\BOOKMARK [2][-]{subsection.2.1}{Prawo autorskie - czyli co i na jakich zasadach mozna publikowac w internecie}{section.2}% 24
\BOOKMARK [2][-]{subsection.2.2}{Dostosowanie strony do potrzeb os\363b niepe\233nosprawnych}{section.2}% 25
\BOOKMARK [2][-]{subsection.2.3}{O czym bedzie moja strona?}{section.2}% 26
